# JRE version: OpenJDK Runtime Environment (Alibaba Dragonwell Standard Edition)-21.0.9.0.9+10-GA (21.0.9) (build 21.0.9.0.9)
# Java VM: OpenJDK 64-Bit Server VM (Alibaba Dragonwell Standard Edition)-21.0.9.0.9+10-GA (21.0.9.0.9, mixed mode, sharing, tiered, compressed oops, compressed class ptrs, g1 gc, windows-amd64)
GC Precious Log:
 CardTable entry size: 512
 Card Set container configuration: InlinePtr #cards 5 size 8 Array Of Cards #cards 12 size 40 Howl #buckets 4 coarsen threshold 1843 Howl Bitmap #cards 512 size 80 coarsen threshold 460 Card regions per heap region 1 cards per card region 2048
 CPUs: 8 total, 8 available
 Memory: 5965M
 Large Page Support: Disabled
 NUMA Support: Disabled
 Compressed Oops: Enabled (32-bit)
 Heap Region Size: 1M
 Heap Min Capacity: 8M
 Heap Initial Capacity: 94M
 Heap Max Capacity: 1492M
 Pre-touch: Disabled
 Parallel Workers: 8
 Concurrent Workers: 2
 Concurrent Refinement Workers: 8
 Periodic GC: Disabled
Heap:
 garbage-first heap   total 120832K, used 57246K [0x00000000a2c00000, 0x0000000100000000)
  region size 1024K, 28 young (28672K), 9 survivors (9216K)
 Metaspace       used 29086K, committed 29440K, reserved 1114112K
  class space    used 3229K, committed 3392K, reserved 1048576K
GC Heap History (16 events):
Event: 2.322 GC heap before
{Heap before GC invocations=0 (full 0):
 garbage-first heap   total 96256K, used 22528K [0x00000000a2c00000, 0x0000000100000000)
  region size 1024K, 23 young (23552K), 0 survivors (0K)
 Metaspace       used 6456K, committed 6656K, reserved 1114112K
  class space    used 732K, committed 832K, reserved 1048576K
}
Event: 2.333 GC heap after
{Heap after GC invocations=1 (full 0):
 garbage-first heap   total 96256K, used 4516K [0x00000000a2c00000, 0x0000000100000000)
  region size 1024K, 3 young (3072K), 3 survivors (3072K)
 Metaspace       used 6456K, committed 6656K, reserved 1114112K
  class space    used 732K, committed 832K, reserved 1048576K
}
Event: 3.743 GC heap before
{Heap before GC invocations=1 (full 0):
 garbage-first heap   total 96256K, used 34212K [0x00000000a2c00000, 0x0000000100000000)
  region size 1024K, 32 young (32768K), 3 survivors (3072K)
 Metaspace       used 10153K, committed 10368K, reserved 1114112K
  class space    used 1191K, committed 1280K, reserved 1048576K
}
Event: 3.753 GC heap after
{Heap after GC invocations=2 (full 0):
 garbage-first heap   total 96256K, used 6327K [0x00000000a2c00000, 0x0000000100000000)
  region size 1024K, 2 young (2048K), 2 survivors (2048K)
 Metaspace       used 10153K, committed 10368K, reserved 1114112K
  class space    used 1191K, committed 1280K, reserved 1048576K
}
Event: 7.102 GC heap before
{Heap before GC invocations=2 (full 0):
 garbage-first heap   total 96256K, used 61623K [0x00000000a2c00000, 0x0000000100000000)
  region size 1024K, 56 young (57344K), 2 survivors (2048K)
 Metaspace       used 16256K, committed 16512K, reserved 1114112K
  class space    used 1885K, committed 1984K, reserved 1048576K
}
Event: 7.128 GC heap after
{Heap after GC invocations=3 (full 0):
 garbage-first heap   total 96256K, used 13312K [0x00000000a2c00000, 0x0000000100000000)
  region size 1024K, 7 young (7168K), 7 survivors (7168K)
 Metaspace       used 16256K, committed 16512K, reserved 1114112K
  class space    used 1885K, committed 1984K, reserved 1048576K
}
Event: 9.073 GC heap before
{Heap before GC invocations=3 (full 0):
 garbage-first heap   total 96256K, used 63488K [0x00000000a2c00000, 0x0000000100000000)
  region size 1024K, 56 young (57344K), 7 survivors (7168K)
 Metaspace       used 17216K, committed 17472K, reserved 1114112K
  class space    used 1958K, committed 2048K, reserved 1048576K
}
Event: 9.101 GC heap after
{Heap after GC invocations=4 (full 0):
 garbage-first heap   total 96256K, used 18944K [0x00000000a2c00000, 0x0000000100000000)
  region size 1024K, 6 young (6144K), 6 survivors (6144K)
 Metaspace       used 17216K, committed 17472K, reserved 1114112K
  class space    used 1958K, committed 2048K, reserved 1048576K
}
Event: 10.798 GC heap before
{Heap before GC invocations=4 (full 0):
 garbage-first heap   total 96256K, used 70144K [0x00000000a2c00000, 0x0000000100000000)
  region size 1024K, 56 young (57344K), 6 survivors (6144K)
 Metaspace       used 17663K, committed 17920K, reserved 1114112K
  class space    used 1960K, committed 2048K, reserved 1048576K
}
Event: 10.816 GC heap after
{Heap after GC invocations=5 (full 0):
 garbage-first heap   total 96256K, used 25088K [0x00000000a2c00000, 0x0000000100000000)
  region size 1024K, 6 young (6144K), 6 survivors (6144K)
 Metaspace       used 17663K, committed 17920K, reserved 1114112K
  class space    used 1960K, committed 2048K, reserved 1048576K
}
Event: 15.624 GC heap before
{Heap before GC invocations=5 (full 0):
 garbage-first heap   total 96256K, used 70144K [0x00000000a2c00000, 0x0000000100000000)
  region size 1024K, 52 young (53248K), 6 survivors (6144K)
 Metaspace       used 21244K, committed 21504K, reserved 1114112K
  class space    used 2334K, committed 2432K, reserved 1048576K
}
Event: 15.641 GC heap after
{Heap after GC invocations=6 (full 0):
 garbage-first heap   total 96256K, used 29678K [0x00000000a2c00000, 0x0000000100000000)
  region size 1024K, 5 young (5120K), 5 survivors (5120K)
 Metaspace       used 21244K, committed 21504K, reserved 1114112K
  class space    used 2334K, committed 2432K, reserved 1048576K
}
Event: 17.195 GC heap before
{Heap before GC invocations=7 (full 0):
 garbage-first heap   total 120832K, used 111598K [0x00000000a2c00000, 0x0000000100000000)
  region size 1024K, 53 young (54272K), 5 survivors (5120K)
 Metaspace       used 23587K, committed 23936K, reserved 1114112K
  class space    used 2616K, committed 2816K, reserved 1048576K
}
Event: 17.207 GC heap after
{Heap after GC invocations=8 (full 0):
 garbage-first heap   total 120832K, used 33685K [0x00000000a2c00000, 0x0000000100000000)
  region size 1024K, 4 young (4096K), 4 survivors (4096K)
 Metaspace       used 23587K, committed 23936K, reserved 1114112K
  class space    used 2616K, committed 2816K, reserved 1048576K
}
Event: 19.686 GC heap before
{Heap before GC invocations=8 (full 0):
 garbage-first heap   total 120832K, used 101269K [0x00000000a2c00000, 0x0000000100000000)
  region size 1024K, 70 young (71680K), 4 survivors (4096K)
 Metaspace       used 27113K, committed 27584K, reserved 1114112K
  class space    used 3005K, committed 3200K, reserved 1048576K
}
Event: 19.703 GC heap after
{Heap after GC invocations=9 (full 0):
 garbage-first heap   total 120832K, used 38814K [0x00000000a2c00000, 0x0000000100000000)
  region size 1024K, 9 young (9216K), 9 survivors (9216K)
 Metaspace       used 27113K, committed 27584K, reserved 1114112K
  class space    used 3005K, committed 3200K, reserved 1048576K
}

