# JRE version: OpenJDK Runtime Environment (Alibaba Dragonwell Standard Edition)-21.0.9.0.9+10-GA (21.0.9) (build 21.0.9.0.9)
# Java VM: OpenJDK 64-Bit Server VM (Alibaba Dragonwell Standard Edition)-21.0.9.0.9+10-GA (21.0.9.0.9, mixed mode, sharing, tiered, compressed oops, compressed class ptrs, g1 gc, windows-amd64)
GC Precious Log:
 CardTable entry size: 512
 Card Set container configuration: InlinePtr #cards 5 size 8 Array Of Cards #cards 12 size 40 Howl #buckets 4 coarsen threshold 1843 Howl Bitmap #cards 512 size 80 coarsen threshold 460 Card regions per heap region 1 cards per card region 2048
 CPUs: 8 total, 8 available
 Memory: 5965M
 Large Page Support: Disabled
 NUMA Support: Disabled
 Compressed Oops: Enabled (32-bit)
 Heap Region Size: 1M
 Heap Min Capacity: 8M
 Heap Initial Capacity: 94M
 Heap Max Capacity: 1492M
 Pre-touch: Disabled
 Parallel Workers: 8
 Concurrent Workers: 2
 Concurrent Refinement Workers: 8
 Periodic GC: Disabled
Heap:
 garbage-first heap   total 112640K, used 79457K [0x00000000a2c00000, 0x0000000100000000)
  region size 1024K, 29 young (29696K), 5 survivors (5120K)
 Metaspace       used 69091K, committed 69696K, reserved 1114112K
  class space    used 8810K, committed 9088K, reserved 1048576K
GC Heap History (20 events):
Event: 5.958 GC heap before
{Heap before GC invocations=5 (full 0):
 garbage-first heap   total 92160K, used 72676K [0x00000000a2c00000, 0x0000000100000000)
  region size 1024K, 47 young (48128K), 2 survivors (2048K)
 Metaspace       used 30977K, committed 31360K, reserved 1114112K
  class space    used 4048K, committed 4224K, reserved 1048576K
}
Event: 5.965 GC heap after
{Heap after GC invocations=6 (full 0):
 garbage-first heap   total 92160K, used 32694K [0x00000000a2c00000, 0x0000000100000000)
  region size 1024K, 6 young (6144K), 6 survivors (6144K)
 Metaspace       used 30977K, committed 31360K, reserved 1114112K
  class space    used 4048K, committed 4224K, reserved 1048576K
}
Event: 7.660 GC heap before
{Heap before GC invocations=6 (full 0):
 garbage-first heap   total 92160K, used 71606K [0x00000000a2c00000, 0x0000000100000000)
  region size 1024K, 44 young (45056K), 6 survivors (6144K)
 Metaspace       used 34454K, committed 34880K, reserved 1114112K
  class space    used 4419K, committed 4608K, reserved 1048576K
}
Event: 7.673 GC heap after
{Heap after GC invocations=7 (full 0):
 garbage-first heap   total 92160K, used 36135K [0x00000000a2c00000, 0x0000000100000000)
  region size 1024K, 4 young (4096K), 4 survivors (4096K)
 Metaspace       used 34454K, committed 34880K, reserved 1114112K
  class space    used 4419K, committed 4608K, reserved 1048576K
}
Event: 8.487 GC heap before
{Heap before GC invocations=7 (full 0):
 garbage-first heap   total 92160K, used 50471K [0x00000000a2c00000, 0x0000000100000000)
  region size 1024K, 19 young (19456K), 4 survivors (4096K)
 Metaspace       used 35726K, committed 36096K, reserved 1114112K
  class space    used 4607K, committed 4800K, reserved 1048576K
}
Event: 8.495 GC heap after
{Heap after GC invocations=8 (full 0):
 garbage-first heap   total 92160K, used 37703K [0x00000000a2c00000, 0x0000000100000000)
  region size 1024K, 2 young (2048K), 2 survivors (2048K)
 Metaspace       used 35726K, committed 36096K, reserved 1114112K
  class space    used 4607K, committed 4800K, reserved 1048576K
}
Event: 10.289 GC heap before
{Heap before GC invocations=9 (full 0):
 garbage-first heap   total 92160K, used 75591K [0x00000000a2c00000, 0x0000000100000000)
  region size 1024K, 39 young (39936K), 2 survivors (2048K)
 Metaspace       used 39892K, committed 40320K, reserved 1114112K
  class space    used 5170K, committed 5376K, reserved 1048576K
}
Event: 10.297 GC heap after
{Heap after GC invocations=10 (full 0):
 garbage-first heap   total 92160K, used 39961K [0x00000000a2c00000, 0x0000000100000000)
  region size 1024K, 4 young (4096K), 4 survivors (4096K)
 Metaspace       used 39892K, committed 40320K, reserved 1114112K
  class space    used 5170K, committed 5376K, reserved 1048576K
}
Event: 11.629 GC heap before
{Heap before GC invocations=10 (full 0):
 garbage-first heap   total 92160K, used 77849K [0x00000000a2c00000, 0x0000000100000000)
  region size 1024K, 41 young (41984K), 4 survivors (4096K)
 Metaspace       used 43626K, committed 44096K, reserved 1114112K
  class space    used 5636K, committed 5824K, reserved 1048576K
}
Event: 11.642 GC heap after
{Heap after GC invocations=11 (full 0):
 garbage-first heap   total 92160K, used 42442K [0x00000000a2c00000, 0x0000000100000000)
  region size 1024K, 6 young (6144K), 6 survivors (6144K)
 Metaspace       used 43626K, committed 44096K, reserved 1114112K
  class space    used 5636K, committed 5824K, reserved 1048576K
}
Event: 13.517 GC heap before
{Heap before GC invocations=11 (full 0):
 garbage-first heap   total 92160K, used 79306K [0x00000000a2c00000, 0x0000000100000000)
  region size 1024K, 42 young (43008K), 6 survivors (6144K)
 Metaspace       used 47862K, committed 48384K, reserved 1114112K
  class space    used 6215K, committed 6464K, reserved 1048576K
}
Event: 13.536 GC heap after
{Heap after GC invocations=12 (full 0):
 garbage-first heap   total 92160K, used 44891K [0x00000000a2c00000, 0x0000000100000000)
  region size 1024K, 6 young (6144K), 6 survivors (6144K)
 Metaspace       used 47862K, committed 48384K, reserved 1114112K
  class space    used 6215K, committed 6464K, reserved 1048576K
}
Event: 14.660 GC heap before
{Heap before GC invocations=12 (full 0):
 garbage-first heap   total 92160K, used 81755K [0x00000000a2c00000, 0x0000000100000000)
  region size 1024K, 41 young (41984K), 6 survivors (6144K)
 Metaspace       used 50693K, committed 51264K, reserved 1114112K
  class space    used 6522K, committed 6784K, reserved 1048576K
}
Event: 14.678 GC heap after
{Heap after GC invocations=13 (full 0):
 garbage-first heap   total 92160K, used 47387K [0x00000000a2c00000, 0x0000000100000000)
  region size 1024K, 5 young (5120K), 5 survivors (5120K)
 Metaspace       used 50693K, committed 51264K, reserved 1114112K
  class space    used 6522K, committed 6784K, reserved 1048576K
}
Event: 15.596 GC heap before
{Heap before GC invocations=13 (full 0):
 garbage-first heap   total 92160K, used 82203K [0x00000000a2c00000, 0x0000000100000000)
  region size 1024K, 39 young (39936K), 5 survivors (5120K)
 Metaspace       used 52555K, committed 53184K, reserved 1114112K
  class space    used 6774K, committed 7040K, reserved 1048576K
}
Event: 15.602 GC heap after
{Heap after GC invocations=14 (full 0):
 garbage-first heap   total 110592K, used 48205K [0x00000000a2c00000, 0x0000000100000000)
  region size 1024K, 4 young (4096K), 4 survivors (4096K)
 Metaspace       used 52555K, committed 53184K, reserved 1114112K
  class space    used 6774K, committed 7040K, reserved 1048576K
}
Event: 25.295 GC heap before
{Heap before GC invocations=15 (full 0):
 garbage-first heap   total 110592K, used 98381K [0x00000000a2c00000, 0x0000000100000000)
  region size 1024K, 53 young (54272K), 4 survivors (4096K)
 Metaspace       used 61268K, committed 61888K, reserved 1114112K
  class space    used 7860K, committed 8128K, reserved 1048576K
}
Event: 25.307 GC heap after
{Heap after GC invocations=16 (full 0):
 garbage-first heap   total 110592K, used 52887K [0x00000000a2c00000, 0x0000000100000000)
  region size 1024K, 7 young (7168K), 7 survivors (7168K)
 Metaspace       used 61268K, committed 61888K, reserved 1114112K
  class space    used 7860K, committed 8128K, reserved 1048576K
}
Event: 74.165 GC heap before
{Heap before GC invocations=16 (full 0):
 garbage-first heap   total 110592K, used 97943K [0x00000000a2c00000, 0x0000000100000000)
  region size 1024K, 52 young (53248K), 7 survivors (7168K)
 Metaspace       used 64668K, committed 65280K, reserved 1114112K
  class space    used 8267K, committed 8512K, reserved 1048576K
}
Event: 74.277 GC heap after
{Heap after GC invocations=17 (full 0):
 garbage-first heap   total 112640K, used 55905K [0x00000000a2c00000, 0x0000000100000000)
  region size 1024K, 5 young (5120K), 5 survivors (5120K)
 Metaspace       used 64668K, committed 65280K, reserved 1114112K
  class space    used 8267K, committed 8512K, reserved 1048576K
}

